<?xml version="1.0" encoding="UTF-8"?>
<testng-results ignored="0" total="9" passed="9" failed="0" skipped="0">
  <reporter-output>
  </reporter-output>
  <suite started-at="2025-07-05T16:55:33 GMT" name="vendor-portal" finished-at="2025-07-05T16:55:54 GMT" duration-ms="21353">
    <groups>
    </groups>
    <test started-at="2025-07-05T16:55:33 GMT" name="mike-user" finished-at="2025-07-05T16:55:45 GMT" duration-ms="12115">
      <class name="com.vinsguru.tests.vendorPortal.VendorPortalTest">
        <test-method is-config="true" signature="setUp(org.testng.ITestContext)[pri:0, instance:com.vinsguru.tests.vendorPortal.VendorPortalTest@20c0a64d]" started-at="2025-07-05T16:55:33 GMT" name="setUp" finished-at="2025-07-05T16:55:38 GMT" duration-ms="4811" status="PASS">
          <params>
            <param index="0">
              <value>
                <![CDATA[org.testng.TestRunner@5a1de7fb]]>
              </value>
            </param>
          </params>
          <reporter-output>
          </reporter-output>
        </test-method> <!-- setUp -->
        <test-method is-config="true" signature="setPageObjects(java.lang.String)[pri:0, instance:com.vinsguru.tests.vendorPortal.VendorPortalTest@20c0a64d]" started-at="2025-07-05T16:55:38 GMT" name="setPageObjects" finished-at="2025-07-05T16:55:38 GMT" depends-on-methods="com.vinsguru.tests.AbstractTest.setUp" duration-ms="450" status="PASS">
          <params>
            <param index="0">
              <value>
                <![CDATA[test-data/vendor-portal/mike.json]]>
              </value>
            </param>
          </params>
          <reporter-output>
          </reporter-output>
        </test-method> <!-- setPageObjects -->
        <test-method signature="loginTest()[pri:0, instance:com.vinsguru.tests.vendorPortal.VendorPortalTest@20c0a64d]" started-at="2025-07-05T16:55:38 GMT" name="loginTest" finished-at="2025-07-05T16:55:42 GMT" duration-ms="3712" status="PASS">
          <reporter-output>
          </reporter-output>
        </test-method> <!-- loginTest -->
        <test-method signature="dashboardTest()[pri:0, instance:com.vinsguru.tests.vendorPortal.VendorPortalTest@20c0a64d]" started-at="2025-07-05T16:55:42 GMT" name="dashboardTest" finished-at="2025-07-05T16:55:43 GMT" depends-on-methods="com.vinsguru.tests.vendorPortal.VendorPortalTest.loginTest" duration-ms="519" status="PASS">
          <reporter-output>
          </reporter-output>
        </test-method> <!-- dashboardTest -->
        <test-method signature="logout()[pri:0, instance:com.vinsguru.tests.vendorPortal.VendorPortalTest@20c0a64d]" started-at="2025-07-05T16:55:43 GMT" name="logout" finished-at="2025-07-05T16:55:44 GMT" depends-on-methods="com.vinsguru.tests.vendorPortal.VendorPortalTest.dashboardTest" duration-ms="1600" status="PASS">
          <reporter-output>
          </reporter-output>
        </test-method> <!-- logout -->
        <test-method is-config="true" signature="tearDown()[pri:0, instance:com.vinsguru.tests.vendorPortal.VendorPortalTest@20c0a64d]" started-at="2025-07-05T16:55:44 GMT" name="tearDown" finished-at="2025-07-05T16:55:45 GMT" duration-ms="973" status="PASS">
          <reporter-output>
          </reporter-output>
        </test-method> <!-- tearDown -->
      </class> <!-- com.vinsguru.tests.vendorPortal.VendorPortalTest -->
    </test> <!-- mike-user -->
    <test started-at="2025-07-05T16:55:33 GMT" name="sam-user" finished-at="2025-07-05T16:55:46 GMT" duration-ms="12581">
      <class name="com.vinsguru.tests.vendorPortal.VendorPortalTest">
        <test-method is-config="true" signature="setUp(org.testng.ITestContext)[pri:0, instance:com.vinsguru.tests.vendorPortal.VendorPortalTest@73a8da0f]" started-at="2025-07-05T16:55:33 GMT" name="setUp" finished-at="2025-07-05T16:55:39 GMT" duration-ms="5605" status="PASS">
          <params>
            <param index="0">
              <value>
                <![CDATA[org.testng.TestRunner@676cf48]]>
              </value>
            </param>
          </params>
          <reporter-output>
          </reporter-output>
        </test-method> <!-- setUp -->
        <test-method is-config="true" signature="setPageObjects(java.lang.String)[pri:0, instance:com.vinsguru.tests.vendorPortal.VendorPortalTest@73a8da0f]" started-at="2025-07-05T16:55:39 GMT" name="setPageObjects" finished-at="2025-07-05T16:55:39 GMT" depends-on-methods="com.vinsguru.tests.AbstractTest.setUp" duration-ms="3" status="PASS">
          <params>
            <param index="0">
              <value>
                <![CDATA[test-data/vendor-portal/sam.json]]>
              </value>
            </param>
          </params>
          <reporter-output>
          </reporter-output>
        </test-method> <!-- setPageObjects -->
        <test-method signature="loginTest()[pri:0, instance:com.vinsguru.tests.vendorPortal.VendorPortalTest@73a8da0f]" started-at="2025-07-05T16:55:39 GMT" name="loginTest" finished-at="2025-07-05T16:55:43 GMT" duration-ms="4020" status="PASS">
          <reporter-output>
          </reporter-output>
        </test-method> <!-- loginTest -->
        <test-method signature="dashboardTest()[pri:0, instance:com.vinsguru.tests.vendorPortal.VendorPortalTest@73a8da0f]" started-at="2025-07-05T16:55:43 GMT" name="dashboardTest" finished-at="2025-07-05T16:55:43 GMT" depends-on-methods="com.vinsguru.tests.vendorPortal.VendorPortalTest.loginTest" duration-ms="807" status="PASS">
          <reporter-output>
          </reporter-output>
        </test-method> <!-- dashboardTest -->
        <test-method signature="logout()[pri:0, instance:com.vinsguru.tests.vendorPortal.VendorPortalTest@73a8da0f]" started-at="2025-07-05T16:55:43 GMT" name="logout" finished-at="2025-07-05T16:55:45 GMT" depends-on-methods="com.vinsguru.tests.vendorPortal.VendorPortalTest.dashboardTest" duration-ms="1221" status="PASS">
          <reporter-output>
          </reporter-output>
        </test-method> <!-- logout -->
        <test-method is-config="true" signature="tearDown()[pri:0, instance:com.vinsguru.tests.vendorPortal.VendorPortalTest@73a8da0f]" started-at="2025-07-05T16:55:45 GMT" name="tearDown" finished-at="2025-07-05T16:55:46 GMT" duration-ms="909" status="PASS">
          <reporter-output>
          </reporter-output>
        </test-method> <!-- tearDown -->
      </class> <!-- com.vinsguru.tests.vendorPortal.VendorPortalTest -->
    </test> <!-- sam-user -->
    <test started-at="2025-07-05T16:55:45 GMT" name="john-user" finished-at="2025-07-05T16:55:54 GMT" duration-ms="9196">
      <class name="com.vinsguru.tests.vendorPortal.VendorPortalTest">
        <test-method is-config="true" signature="setupConfig()[pri:0, instance:com.vinsguru.tests.vendorPortal.VendorPortalTest@4ddbbdf8]" started-at="2025-07-05T16:55:33 GMT" name="setupConfig" finished-at="2025-07-05T16:55:33 GMT" duration-ms="22" status="PASS">
          <reporter-output>
          </reporter-output>
        </test-method> <!-- setupConfig -->
        <test-method is-config="true" signature="setUp(org.testng.ITestContext)[pri:0, instance:com.vinsguru.tests.vendorPortal.VendorPortalTest@4ddbbdf8]" started-at="2025-07-05T16:55:45 GMT" name="setUp" finished-at="2025-07-05T16:55:48 GMT" duration-ms="2750" status="PASS">
          <params>
            <param index="0">
              <value>
                <![CDATA[org.testng.TestRunner@335b5620]]>
              </value>
            </param>
          </params>
          <reporter-output>
          </reporter-output>
        </test-method> <!-- setUp -->
        <test-method is-config="true" signature="setPageObjects(java.lang.String)[pri:0, instance:com.vinsguru.tests.vendorPortal.VendorPortalTest@4ddbbdf8]" started-at="2025-07-05T16:55:48 GMT" name="setPageObjects" finished-at="2025-07-05T16:55:48 GMT" depends-on-methods="com.vinsguru.tests.AbstractTest.setUp" duration-ms="2" status="PASS">
          <params>
            <param index="0">
              <value>
                <![CDATA[test-data/vendor-portal/john.json]]>
              </value>
            </param>
          </params>
          <reporter-output>
          </reporter-output>
        </test-method> <!-- setPageObjects -->
        <test-method signature="loginTest()[pri:0, instance:com.vinsguru.tests.vendorPortal.VendorPortalTest@4ddbbdf8]" started-at="2025-07-05T16:55:48 GMT" name="loginTest" finished-at="2025-07-05T16:55:50 GMT" duration-ms="1980" status="PASS">
          <reporter-output>
          </reporter-output>
        </test-method> <!-- loginTest -->
        <test-method signature="dashboardTest()[pri:0, instance:com.vinsguru.tests.vendorPortal.VendorPortalTest@4ddbbdf8]" started-at="2025-07-05T16:55:50 GMT" name="dashboardTest" finished-at="2025-07-05T16:55:52 GMT" depends-on-methods="com.vinsguru.tests.vendorPortal.VendorPortalTest.loginTest" duration-ms="2071" status="PASS">
          <reporter-output>
          </reporter-output>
        </test-method> <!-- dashboardTest -->
        <test-method signature="logout()[pri:0, instance:com.vinsguru.tests.vendorPortal.VendorPortalTest@4ddbbdf8]" started-at="2025-07-05T16:55:52 GMT" name="logout" finished-at="2025-07-05T16:55:53 GMT" depends-on-methods="com.vinsguru.tests.vendorPortal.VendorPortalTest.dashboardTest" duration-ms="1212" status="PASS">
          <reporter-output>
          </reporter-output>
        </test-method> <!-- logout -->
        <test-method is-config="true" signature="tearDown()[pri:0, instance:com.vinsguru.tests.vendorPortal.VendorPortalTest@4ddbbdf8]" started-at="2025-07-05T16:55:53 GMT" name="tearDown" finished-at="2025-07-05T16:55:54 GMT" duration-ms="1177" status="PASS">
          <reporter-output>
          </reporter-output>
        </test-method> <!-- tearDown -->
      </class> <!-- com.vinsguru.tests.vendorPortal.VendorPortalTest -->
    </test> <!-- john-user -->
  </suite> <!-- vendor-portal -->
</testng-results>
